[2023-06-20 22:34:59] mvc_logger.INFO: Status Code: 200 [] []
[2023-06-20 22:34:59] mvc_logger.INFO: insertando estado_piezas [] []
[2023-06-20 22:34:59] mvc_logger.INFO: method reciboEstado() [] [] []
[2023-06-20 22:34:59] mvc_logger.INFO: INSERT INTO `partida`(`id_usuario`, `estados_del_juego`) VALUES(:id_usuario, :estados_del_juego) [] []
[2023-06-20 22:35:00] mvc_logger.INFO: Array [] []
[2023-06-20 22:35:00] mvc_logger.INFO: pieza : INSERTADO CON EXITO [] []
[2023-06-20 22:35:00] mvc_logger.INFO: Status Code: 200 [] []
[2023-06-20 22:35:00] mvc_logger.INFO: insertando estado_puzzle [] []
[2023-06-20 22:35:00] mvc_logger.INFO: method reciboEstado() [-1,-1,-1,-1,-1,-1,-1,-1,-1] [] []
[2023-06-20 22:35:00] mvc_logger.INFO: INSERT INTO `partida`(`id_usuario`, `estados_del_juego`) VALUES(:id_usuario, :estados_del_juego) [] []
[2023-06-20 22:35:00] mvc_logger.INFO: Array [] []
[2023-06-20 22:35:00] mvc_logger.INFO: puzzle : INSERTADO CON EXITO [] []
[2023-06-20 22:35:00] mvc_logger.INFO: Status Code: 200 [] []
[2023-06-20 22:35:01] mvc_logger.INFO: insertando estado_piezas [] []
[2023-06-20 22:35:01] mvc_logger.INFO: method reciboEstado() [] [] []
[2023-06-20 22:35:01] mvc_logger.INFO: INSERT INTO `partida`(`id_usuario`, `estados_del_juego`) VALUES(:id_usuario, :estados_del_juego) [] []
[2023-06-20 22:35:01] mvc_logger.INFO: Array [] []
[2023-06-20 22:35:01] mvc_logger.INFO: pieza : INSERTADO CON EXITO [] []
[2023-06-20 22:35:01] mvc_logger.INFO: Status Code: 200 [] []
[2023-06-20 22:35:01] mvc_logger.INFO: insertando estado_puzzle [] []
[2023-06-20 22:35:01] mvc_logger.INFO: method reciboEstado() [canvas_0,-1,-1,-1,-1,-1,-1,-1,-1] [] []
[2023-06-20 22:35:01] mvc_logger.INFO: INSERT INTO `partida`(`id_usuario`, `estados_del_juego`) VALUES(:id_usuario, :estados_del_juego) [] []
[2023-06-20 22:35:01] mvc_logger.INFO: Array [] []
[2023-06-20 22:35:01] mvc_logger.INFO: puzzle : INSERTADO CON EXITO [] []
[2023-06-20 22:35:01] mvc_logger.INFO: Status Code: 200 [] []
[2023-06-20 22:35:01] mvc_logger.INFO: insertando estado_puzzle [] []
[2023-06-20 22:35:01] mvc_logger.INFO: method reciboEstado() [canvas_0,-1,-1,-1,-1,-1,-1,-1,-1] [] []
[2023-06-20 22:35:01] mvc_logger.INFO: INSERT INTO `partida`(`id_usuario`, `estados_del_juego`) VALUES(:id_usuario, :estados_del_juego) [] []
[2023-06-20 22:35:01] mvc_logger.INFO: Array [] []
[2023-06-20 22:35:01] mvc_logger.INFO: puzzle : INSERTADO CON EXITO [] []
[2023-06-20 22:35:01] mvc_logger.INFO: Status Code: 200 [] []
[2023-06-20 22:35:53] mvc_logger.INFO: Status Code: 200 [] []
[2023-06-20 22:35:54] mvc_logger.INFO: insertando estado_piezas [] []
[2023-06-20 22:35:54] mvc_logger.INFO: method reciboEstado() [] [] []
[2023-06-20 22:35:54] mvc_logger.INFO: INSERT INTO `partida`(`id_usuario`, `estados_del_juego`) VALUES(:id_usuario, :estados_del_juego) [] []
[2023-06-20 22:35:54] mvc_logger.INFO: Array [] []
[2023-06-20 22:35:54] mvc_logger.INFO: pieza : INSERTADO CON EXITO [] []
[2023-06-20 22:35:54] mvc_logger.INFO: Status Code: 200 [] []
[2023-06-20 22:35:54] mvc_logger.INFO: insertando estado_puzzle [] []
[2023-06-20 22:35:54] mvc_logger.INFO: method reciboEstado() [-1,-1,-1,-1,-1,-1,-1,-1,-1] [] []
[2023-06-20 22:35:54] mvc_logger.INFO: INSERT INTO `partida`(`id_usuario`, `estados_del_juego`) VALUES(:id_usuario, :estados_del_juego) [] []
[2023-06-20 22:35:54] mvc_logger.INFO: Array [] []
[2023-06-20 22:35:54] mvc_logger.INFO: puzzle : INSERTADO CON EXITO [] []
[2023-06-20 22:35:54] mvc_logger.INFO: Status Code: 200 [] []
[2023-06-20 22:35:56] mvc_logger.INFO: insertando estado_piezas [] []
[2023-06-20 22:35:56] mvc_logger.INFO: method reciboEstado() [] [] []
[2023-06-20 22:35:56] mvc_logger.INFO: INSERT INTO `partida`(`id_usuario`, `estados_del_juego`) VALUES(:id_usuario, :estados_del_juego) [] []
[2023-06-20 22:35:56] mvc_logger.INFO: Array [] []
[2023-06-20 22:35:56] mvc_logger.INFO: pieza : INSERTADO CON EXITO [] []
[2023-06-20 22:35:56] mvc_logger.INFO: Status Code: 200 [] []
[2023-06-20 22:35:56] mvc_logger.INFO: insertando estado_puzzle [] []
[2023-06-20 22:35:56] mvc_logger.INFO: method reciboEstado() [canvas_0,-1,-1,-1,-1,-1,-1,-1,-1] [] []
[2023-06-20 22:35:56] mvc_logger.INFO: INSERT INTO `partida`(`id_usuario`, `estados_del_juego`) VALUES(:id_usuario, :estados_del_juego) [] []
[2023-06-20 22:35:56] mvc_logger.INFO: Array [] []
[2023-06-20 22:35:56] mvc_logger.INFO: puzzle : INSERTADO CON EXITO [] []
[2023-06-20 22:35:56] mvc_logger.INFO: Status Code: 200 [] []
[2023-06-20 22:35:56] mvc_logger.INFO: insertando estado_puzzle [] []
[2023-06-20 22:35:56] mvc_logger.INFO: method reciboEstado() [canvas_0,-1,-1,-1,-1,-1,-1,-1,-1] [] []
[2023-06-20 22:35:56] mvc_logger.INFO: INSERT INTO `partida`(`id_usuario`, `estados_del_juego`) VALUES(:id_usuario, :estados_del_juego) [] []
[2023-06-20 22:35:56] mvc_logger.INFO: Array [] []
[2023-06-20 22:35:56] mvc_logger.INFO: puzzle : INSERTADO CON EXITO [] []
[2023-06-20 22:35:56] mvc_logger.INFO: Status Code: 200 [] []
[2023-06-20 22:36:39] mvc_logger.INFO: insertando estado_piezas [] []
[2023-06-20 22:36:39] mvc_logger.INFO: method reciboEstado() [] [] []
[2023-06-20 22:36:39] mvc_logger.INFO: INSERT INTO `partida`(`id_usuario`, `estados_del_juego`) VALUES(:id_usuario, :estados_del_juego) [] []
[2023-06-20 22:36:39] mvc_logger.INFO: Array [] []
[2023-06-20 22:36:39] mvc_logger.INFO: pieza : INSERTADO CON EXITO [] []
[2023-06-20 22:36:39] mvc_logger.INFO: Status Code: 200 [] []
[2023-06-20 22:36:39] mvc_logger.INFO: insertando estado_puzzle [] []
[2023-06-20 22:36:39] mvc_logger.INFO: method reciboEstado() [canvas_0,-1,-1,-1,-1,-1,-1,-1,-1] [] []
[2023-06-20 22:36:39] mvc_logger.INFO: INSERT INTO `partida`(`id_usuario`, `estados_del_juego`) VALUES(:id_usuario, :estados_del_juego) [] []
[2023-06-20 22:36:39] mvc_logger.INFO: Array [] []
[2023-06-20 22:36:39] mvc_logger.INFO: puzzle : INSERTADO CON EXITO [] []
[2023-06-20 22:36:39] mvc_logger.INFO: Status Code: 200 [] []
[2023-06-20 22:36:39] mvc_logger.INFO: insertando estado_puzzle [] []
[2023-06-20 22:36:39] mvc_logger.INFO: method reciboEstado() [canvas_0,-1,-1,canvas_3,-1,-1,-1,-1,-1] [] []
[2023-06-20 22:36:39] mvc_logger.INFO: INSERT INTO `partida`(`id_usuario`, `estados_del_juego`) VALUES(:id_usuario, :estados_del_juego) [] []
[2023-06-20 22:36:39] mvc_logger.INFO: Array [] []
[2023-06-20 22:36:39] mvc_logger.INFO: puzzle : INSERTADO CON EXITO [] []
[2023-06-20 22:36:39] mvc_logger.INFO: Status Code: 200 [] []
[2023-06-20 22:36:39] mvc_logger.INFO: insertando estado_puzzle [] []
[2023-06-20 22:36:39] mvc_logger.INFO: method reciboEstado() [canvas_0,-1,-1,canvas_3,-1,-1,-1,-1,-1] [] []
[2023-06-20 22:36:39] mvc_logger.INFO: INSERT INTO `partida`(`id_usuario`, `estados_del_juego`) VALUES(:id_usuario, :estados_del_juego) [] []
[2023-06-20 22:36:39] mvc_logger.INFO: Array [] []
[2023-06-20 22:36:39] mvc_logger.INFO: puzzle : INSERTADO CON EXITO [] []
[2023-06-20 22:36:39] mvc_logger.INFO: Status Code: 200 [] []
[2023-06-20 22:36:56] mvc_logger.INFO: insertando estado_piezas [] []
[2023-06-20 22:36:56] mvc_logger.INFO: method reciboEstado() [] [] []
[2023-06-20 22:36:56] mvc_logger.INFO: INSERT INTO `partida`(`id_usuario`, `estados_del_juego`) VALUES(:id_usuario, :estados_del_juego) [] []
[2023-06-20 22:36:56] mvc_logger.INFO: Array [] []
[2023-06-20 22:36:56] mvc_logger.INFO: pieza : INSERTADO CON EXITO [] []
[2023-06-20 22:36:56] mvc_logger.INFO: Status Code: 200 [] []
[2023-06-20 22:36:56] mvc_logger.INFO: insertando estado_puzzle [] []
[2023-06-20 22:36:56] mvc_logger.INFO: method reciboEstado() [canvas_0,-1,-1,canvas_3,-1,-1,-1,-1,-1] [] []
[2023-06-20 22:36:56] mvc_logger.INFO: INSERT INTO `partida`(`id_usuario`, `estados_del_juego`) VALUES(:id_usuario, :estados_del_juego) [] []
[2023-06-20 22:36:56] mvc_logger.INFO: Array [] []
[2023-06-20 22:36:56] mvc_logger.INFO: puzzle : INSERTADO CON EXITO [] []
[2023-06-20 22:36:56] mvc_logger.INFO: Status Code: 200 [] []
[2023-06-20 22:36:56] mvc_logger.INFO: insertando estado_puzzle [] []
[2023-06-20 22:36:56] mvc_logger.INFO: method reciboEstado() [canvas_0,-1,-1,canvas_3,-1,-1,-1,-1,-1] [] []
[2023-06-20 22:36:56] mvc_logger.INFO: INSERT INTO `partida`(`id_usuario`, `estados_del_juego`) VALUES(:id_usuario, :estados_del_juego) [] []
[2023-06-20 22:36:56] mvc_logger.INFO: Array [] []
[2023-06-20 22:36:56] mvc_logger.INFO: puzzle : INSERTADO CON EXITO [] []
[2023-06-20 22:36:56] mvc_logger.INFO: Status Code: 200 [] []
[2023-06-20 22:36:56] mvc_logger.INFO: insertando estado_puzzle [] []
[2023-06-20 22:36:56] mvc_logger.INFO: method reciboEstado() [canvas_0,-1,-1,canvas_3,-1,-1,canvas_6,-1,-1] [] []
[2023-06-20 22:36:56] mvc_logger.INFO: INSERT INTO `partida`(`id_usuario`, `estados_del_juego`) VALUES(:id_usuario, :estados_del_juego) [] []
[2023-06-20 22:36:56] mvc_logger.INFO: Array [] []
[2023-06-20 22:36:56] mvc_logger.INFO: puzzle : INSERTADO CON EXITO [] []
[2023-06-20 22:36:56] mvc_logger.INFO: Status Code: 200 [] []
[2023-06-20 22:36:56] mvc_logger.INFO: insertando estado_puzzle [] []
[2023-06-20 22:36:56] mvc_logger.INFO: method reciboEstado() [canvas_0,-1,-1,canvas_3,-1,-1,canvas_6,-1,-1] [] []
[2023-06-20 22:36:56] mvc_logger.INFO: INSERT INTO `partida`(`id_usuario`, `estados_del_juego`) VALUES(:id_usuario, :estados_del_juego) [] []
[2023-06-20 22:36:56] mvc_logger.INFO: Array [] []
[2023-06-20 22:36:56] mvc_logger.INFO: puzzle : INSERTADO CON EXITO [] []
[2023-06-20 22:36:56] mvc_logger.INFO: Status Code: 200 [] []
[2023-06-20 22:37:31] mvc_logger.INFO: insertando estado_piezas [] []
[2023-06-20 22:37:31] mvc_logger.INFO: method reciboEstado() [] [] []
[2023-06-20 22:37:31] mvc_logger.INFO: INSERT INTO `partida`(`id_usuario`, `estados_del_juego`) VALUES(:id_usuario, :estados_del_juego) [] []
[2023-06-20 22:37:31] mvc_logger.INFO: Array [] []
[2023-06-20 22:37:31] mvc_logger.INFO: pieza : INSERTADO CON EXITO [] []
[2023-06-20 22:37:31] mvc_logger.INFO: Status Code: 200 [] []
[2023-06-20 22:37:31] mvc_logger.INFO: insertando estado_puzzle [] []
[2023-06-20 22:37:31] mvc_logger.INFO: method reciboEstado() [canvas_0,-1,-1,canvas_3,-1,-1,canvas_6,-1,-1] [] []
[2023-06-20 22:37:31] mvc_logger.INFO: INSERT INTO `partida`(`id_usuario`, `estados_del_juego`) VALUES(:id_usuario, :estados_del_juego) [] []
[2023-06-20 22:37:31] mvc_logger.INFO: Array [] []
[2023-06-20 22:37:31] mvc_logger.INFO: puzzle : INSERTADO CON EXITO [] []
[2023-06-20 22:37:31] mvc_logger.INFO: Status Code: 200 [] []
[2023-06-20 22:37:31] mvc_logger.INFO: insertando estado_puzzle [] []
[2023-06-20 22:37:31] mvc_logger.INFO: method reciboEstado() [canvas_0,-1,-1,canvas_3,-1,-1,canvas_6,-1,-1] [] []
[2023-06-20 22:37:31] mvc_logger.INFO: INSERT INTO `partida`(`id_usuario`, `estados_del_juego`) VALUES(:id_usuario, :estados_del_juego) [] []
[2023-06-20 22:37:31] mvc_logger.INFO: Array [] []
[2023-06-20 22:37:31] mvc_logger.INFO: puzzle : INSERTADO CON EXITO [] []
[2023-06-20 22:37:31] mvc_logger.INFO: Status Code: 200 [] []
[2023-06-20 22:37:31] mvc_logger.INFO: insertando estado_puzzle [] []
[2023-06-20 22:37:31] mvc_logger.INFO: method reciboEstado() [canvas_0,-1,-1,canvas_3,-1,-1,canvas_6,-1,-1] [] []
[2023-06-20 22:37:31] mvc_logger.INFO: INSERT INTO `partida`(`id_usuario`, `estados_del_juego`) VALUES(:id_usuario, :estados_del_juego) [] []
[2023-06-20 22:37:31] mvc_logger.INFO: Array [] []
[2023-06-20 22:37:31] mvc_logger.INFO: puzzle : INSERTADO CON EXITO [] []
[2023-06-20 22:37:31] mvc_logger.INFO: Status Code: 200 [] []
[2023-06-20 22:37:31] mvc_logger.INFO: insertando estado_puzzle [] []
[2023-06-20 22:37:31] mvc_logger.INFO: method reciboEstado() [canvas_0,-1,-1,canvas_3,-1,-1,canvas_6,-1,canvas_8] [] []
[2023-06-20 22:37:31] mvc_logger.INFO: INSERT INTO `partida`(`id_usuario`, `estados_del_juego`) VALUES(:id_usuario, :estados_del_juego) [] []
[2023-06-20 22:37:31] mvc_logger.INFO: Array [] []
[2023-06-20 22:37:31] mvc_logger.INFO: puzzle : INSERTADO CON EXITO [] []
[2023-06-20 22:37:31] mvc_logger.INFO: Status Code: 200 [] []
[2023-06-20 22:37:31] mvc_logger.INFO: insertando estado_puzzle [] []
[2023-06-20 22:37:31] mvc_logger.INFO: method reciboEstado() [canvas_0,-1,-1,canvas_3,-1,-1,canvas_6,-1,canvas_8] [] []
[2023-06-20 22:37:31] mvc_logger.INFO: INSERT INTO `partida`(`id_usuario`, `estados_del_juego`) VALUES(:id_usuario, :estados_del_juego) [] []
[2023-06-20 22:37:31] mvc_logger.INFO: Array [] []
[2023-06-20 22:37:31] mvc_logger.INFO: puzzle : INSERTADO CON EXITO [] []
[2023-06-20 22:37:31] mvc_logger.INFO: Status Code: 200 [] []
[2023-06-20 22:38:08] mvc_logger.INFO: Status Code: 200 [] []
[2023-06-20 22:38:09] mvc_logger.INFO: insertando estado_piezas [] []
[2023-06-20 22:38:09] mvc_logger.INFO: method reciboEstado() [] [] []
[2023-06-20 22:38:09] mvc_logger.INFO: INSERT INTO `partida`(`id_usuario`, `estados_del_juego`) VALUES(:id_usuario, :estados_del_juego) [] []
[2023-06-20 22:38:09] mvc_logger.INFO: Array [] []
[2023-06-20 22:38:09] mvc_logger.INFO: pieza : INSERTADO CON EXITO [] []
[2023-06-20 22:38:09] mvc_logger.INFO: Status Code: 200 [] []
[2023-06-20 22:38:09] mvc_logger.INFO: insertando estado_puzzle [] []
[2023-06-20 22:38:09] mvc_logger.INFO: method reciboEstado() [-1,-1,-1,-1,-1,-1,-1,-1,-1] [] []
[2023-06-20 22:38:09] mvc_logger.INFO: INSERT INTO `partida`(`id_usuario`, `estados_del_juego`) VALUES(:id_usuario, :estados_del_juego) [] []
[2023-06-20 22:38:09] mvc_logger.INFO: Array [] []
[2023-06-20 22:38:09] mvc_logger.INFO: puzzle : INSERTADO CON EXITO [] []
[2023-06-20 22:38:09] mvc_logger.INFO: Status Code: 200 [] []
[2023-06-20 22:38:21] mvc_logger.INFO: insertando estado_piezas [] []
[2023-06-20 22:38:21] mvc_logger.INFO: method reciboEstado() [] [] []
[2023-06-20 22:38:21] mvc_logger.INFO: INSERT INTO `partida`(`id_usuario`, `estados_del_juego`) VALUES(:id_usuario, :estados_del_juego) [] []
[2023-06-20 22:38:21] mvc_logger.INFO: Array [] []
[2023-06-20 22:38:21] mvc_logger.INFO: pieza : INSERTADO CON EXITO [] []
[2023-06-20 22:38:21] mvc_logger.INFO: Status Code: 200 [] []
[2023-06-20 22:38:22] mvc_logger.INFO: insertando estado_puzzle [] []
[2023-06-20 22:38:22] mvc_logger.INFO: method reciboEstado() [-1,-1,-1,-1,canvas_4,-1,-1,-1,-1] [] []
[2023-06-20 22:38:22] mvc_logger.INFO: INSERT INTO `partida`(`id_usuario`, `estados_del_juego`) VALUES(:id_usuario, :estados_del_juego) [] []
[2023-06-20 22:38:22] mvc_logger.INFO: Array [] []
[2023-06-20 22:38:22] mvc_logger.INFO: puzzle : INSERTADO CON EXITO [] []
[2023-06-20 22:38:22] mvc_logger.INFO: Status Code: 200 [] []
[2023-06-20 22:38:22] mvc_logger.INFO: insertando estado_puzzle [] []
[2023-06-20 22:38:22] mvc_logger.INFO: method reciboEstado() [-1,-1,-1,-1,canvas_4,-1,-1,-1,-1] [] []
[2023-06-20 22:38:22] mvc_logger.INFO: INSERT INTO `partida`(`id_usuario`, `estados_del_juego`) VALUES(:id_usuario, :estados_del_juego) [] []
[2023-06-20 22:38:22] mvc_logger.INFO: Array [] []
[2023-06-20 22:38:22] mvc_logger.INFO: puzzle : INSERTADO CON EXITO [] []
[2023-06-20 22:38:22] mvc_logger.INFO: Status Code: 200 [] []
[2023-06-20 22:42:40] mvc_logger.INFO: Status Code: 200 [] []
[2023-06-20 22:42:41] mvc_logger.INFO: insertando estado_piezas [] []
[2023-06-20 22:42:41] mvc_logger.INFO: method reciboEstado() [] [] []
[2023-06-20 22:42:41] mvc_logger.INFO: INSERT INTO `partida`(`id_usuario`, `estados_del_juego`) VALUES(:id_usuario, :estados_del_juego) [] []
[2023-06-20 22:42:41] mvc_logger.INFO: Array [] []
[2023-06-20 22:42:41] mvc_logger.INFO: pieza : INSERTADO CON EXITO [] []
[2023-06-20 22:42:41] mvc_logger.INFO: Status Code: 200 [] []
[2023-06-20 22:42:41] mvc_logger.INFO: insertando estado_puzzle [] []
[2023-06-20 22:42:41] mvc_logger.INFO: method reciboEstado() [-1,-1,-1,-1,-1,-1,-1,-1,-1] [] []
[2023-06-20 22:42:41] mvc_logger.INFO: INSERT INTO `partida`(`id_usuario`, `estados_del_juego`) VALUES(:id_usuario, :estados_del_juego) [] []
[2023-06-20 22:42:41] mvc_logger.INFO: Array [] []
[2023-06-20 22:42:41] mvc_logger.INFO: puzzle : INSERTADO CON EXITO [] []
[2023-06-20 22:42:41] mvc_logger.INFO: Status Code: 200 [] []
[2023-06-20 22:42:50] mvc_logger.INFO: insertando estado_piezas [] []
[2023-06-20 22:42:50] mvc_logger.INFO: method reciboEstado() [] [] []
[2023-06-20 22:42:50] mvc_logger.INFO: INSERT INTO `partida`(`id_usuario`, `estados_del_juego`) VALUES(:id_usuario, :estados_del_juego) [] []
[2023-06-20 22:42:50] mvc_logger.INFO: Array [] []
[2023-06-20 22:42:50] mvc_logger.INFO: pieza : INSERTADO CON EXITO [] []
[2023-06-20 22:42:50] mvc_logger.INFO: Status Code: 200 [] []
[2023-06-20 22:42:50] mvc_logger.INFO: insertando estado_puzzle [] []
[2023-06-20 22:42:50] mvc_logger.INFO: method reciboEstado() [-1,-1,-1,canvas_3,-1,-1,-1,-1,-1] [] []
[2023-06-20 22:42:50] mvc_logger.INFO: INSERT INTO `partida`(`id_usuario`, `estados_del_juego`) VALUES(:id_usuario, :estados_del_juego) [] []
[2023-06-20 22:42:50] mvc_logger.INFO: Array [] []
[2023-06-20 22:42:50] mvc_logger.INFO: puzzle : INSERTADO CON EXITO [] []
[2023-06-20 22:42:50] mvc_logger.INFO: Status Code: 200 [] []
[2023-06-20 22:43:03] mvc_logger.INFO: insertando estado_piezas [] []
[2023-06-20 22:43:03] mvc_logger.INFO: method reciboEstado() [] [] []
[2023-06-20 22:43:03] mvc_logger.INFO: INSERT INTO `partida`(`id_usuario`, `estados_del_juego`) VALUES(:id_usuario, :estados_del_juego) [] []
[2023-06-20 22:43:03] mvc_logger.INFO: Array [] []
[2023-06-20 22:43:03] mvc_logger.INFO: pieza : INSERTADO CON EXITO [] []
[2023-06-20 22:43:03] mvc_logger.INFO: Status Code: 200 [] []
[2023-06-20 22:43:03] mvc_logger.INFO: insertando estado_puzzle [] []
[2023-06-20 22:43:03] mvc_logger.INFO: method reciboEstado() [-1,-1,-1,canvas_3,canvas_4,-1,-1,-1,-1] [] []
[2023-06-20 22:43:03] mvc_logger.INFO: INSERT INTO `partida`(`id_usuario`, `estados_del_juego`) VALUES(:id_usuario, :estados_del_juego) [] []
[2023-06-20 22:43:03] mvc_logger.INFO: Array [] []
[2023-06-20 22:43:03] mvc_logger.INFO: puzzle : INSERTADO CON EXITO [] []
[2023-06-20 22:43:03] mvc_logger.INFO: Status Code: 200 [] []
